<?xml version="1.0" encoding="UTF-8"?>
<!-- Generated by org.testng.reporters.JUnitReportReporter -->
<testsuite hostname="LAPTOP-IKS9SD1L" failures="0" tests="2" name="TestScripts.DashboardTest" time="23.764" errors="0" timestamp="2023-01-09T08:13:38 IST" skipped="0">
  <testcase classname="TestScripts.DashboardTest" name="loginTest" time="1.085"/>
  <system-out/>
  <testcase classname="TestScripts.DashboardTest" name="DashBoardTest" time="22.679"/>
  <system-out/>
</testsuite> <!-- TestScripts.DashboardTest -->
